2017-08-12 10:53:01.259  INFO 1422 --- [main] com.videosplay.main.Application          : Starting Application on sunmengdeMacBook-Pro.local with PID 1422 (/Users/sunmeng/Desktop/springmvc/gs-rest-service/complete/build/classes/main started by sunmeng in /Users/sunmeng/Desktop/springmvc/gs-rest-service/complete)
2017-08-12 10:53:01.263  INFO 1422 --- [main] com.videosplay.main.Application          : No active profile set, falling back to default profiles: default
2017-08-12 10:53:01.344  INFO 1422 --- [main] ationConfigEmbeddedWebApplicationContext : Refreshing org.springframework.boot.context.embedded.AnnotationConfigEmbeddedWebApplicationContext@6e0dec4a: startup date [Sat Aug 12 10:53:01 CST 2017]; root of context hierarchy
2017-08-12 10:53:02.964  INFO 1422 --- [main] s.b.c.e.t.TomcatEmbeddedServletContainer : Tomcat initialized with port(s): 8080 (http)
2017-08-12 10:53:02.977  INFO 1422 --- [main] o.apache.catalina.core.StandardService   : Starting service Tomcat
2017-08-12 10:53:02.978  INFO 1422 --- [main] org.apache.catalina.core.StandardEngine  : Starting Servlet Engine: Apache Tomcat/8.5.14
2017-08-12 10:53:03.067  INFO 1422 --- [localhost-startStop-1] o.a.c.c.C.[Tomcat].[localhost].[/]       : Initializing Spring embedded WebApplicationContext
2017-08-12 10:53:03.068  INFO 1422 --- [localhost-startStop-1] o.s.web.context.ContextLoader            : Root WebApplicationContext: initialization completed in 1724 ms
2017-08-12 10:53:03.224  INFO 1422 --- [localhost-startStop-1] o.s.b.w.servlet.ServletRegistrationBean  : Mapping servlet: 'dispatcherServlet' to [/]
2017-08-12 10:53:03.226  INFO 1422 --- [localhost-startStop-1] o.s.b.w.servlet.ServletRegistrationBean  : Mapping servlet: 'statViewServlet' to [/druid/*]
2017-08-12 10:53:03.228  INFO 1422 --- [localhost-startStop-1] o.s.b.w.servlet.FilterRegistrationBean   : Mapping filter: 'characterEncodingFilter' to: [/*]
2017-08-12 10:53:03.229  INFO 1422 --- [localhost-startStop-1] o.s.b.w.servlet.FilterRegistrationBean   : Mapping filter: 'hiddenHttpMethodFilter' to: [/*]
2017-08-12 10:53:03.229  INFO 1422 --- [localhost-startStop-1] o.s.b.w.servlet.FilterRegistrationBean   : Mapping filter: 'httpPutFormContentFilter' to: [/*]
2017-08-12 10:53:03.229  INFO 1422 --- [localhost-startStop-1] o.s.b.w.servlet.FilterRegistrationBean   : Mapping filter: 'requestContextFilter' to: [/*]
2017-08-12 10:53:03.229  INFO 1422 --- [localhost-startStop-1] o.s.b.w.servlet.FilterRegistrationBean   : Mapping filter: 'webStatFilter' to urls: [/*]
2017-08-12 10:53:03.868  INFO 1422 --- [main] com.alibaba.druid.pool.DruidDataSource   : {dataSource-1} inited
2017-08-12 10:53:04.150  INFO 1422 --- [main] j.LocalContainerEntityManagerFactoryBean : Building JPA container EntityManagerFactory for persistence unit 'default'
2017-08-12 10:53:04.172  INFO 1422 --- [main] o.hibernate.jpa.internal.util.LogHelper  : HHH000204: Processing PersistenceUnitInfo [
	name: default
	...]
2017-08-12 10:53:04.393  INFO 1422 --- [main] org.hibernate.Version                    : HHH000412: Hibernate Core {5.0.12.Final}
2017-08-12 10:53:04.395  INFO 1422 --- [main] org.hibernate.cfg.Environment            : HHH000206: hibernate.properties not found
2017-08-12 10:53:04.397  INFO 1422 --- [main] org.hibernate.cfg.Environment            : HHH000021: Bytecode provider name : javassist
2017-08-12 10:53:04.446  INFO 1422 --- [main] o.hibernate.annotations.common.Version   : HCANN000001: Hibernate Commons Annotations {5.0.1.Final}
2017-08-12 10:53:04.573  INFO 1422 --- [main] org.hibernate.dialect.Dialect            : HHH000400: Using dialect: org.hibernate.dialect.MySQL5Dialect
2017-08-12 10:53:05.027  INFO 1422 --- [main] j.LocalContainerEntityManagerFactoryBean : Initialized JPA EntityManagerFactory for persistence unit 'default'
2017-08-12 10:53:05.514  INFO 1422 --- [main] s.w.s.m.m.a.RequestMappingHandlerAdapter : Looking for @ControllerAdvice: org.springframework.boot.context.embedded.AnnotationConfigEmbeddedWebApplicationContext@6e0dec4a: startup date [Sat Aug 12 10:53:01 CST 2017]; root of context hierarchy
2017-08-12 10:53:05.587  INFO 1422 --- [main] s.w.s.m.m.a.RequestMappingHandlerMapping : Mapped "{[/greeting]}" onto public com.videosplay.main.Greeting com.videosplay.main.GreetingController.greeting(java.lang.String)
2017-08-12 10:53:05.589  INFO 1422 --- [main] s.w.s.m.m.a.RequestMappingHandlerMapping : Mapped "{[/getallinfos]}" onto public com.videosplay.main.InfosData com.videosplay.main.GreetingController.getInfos()
2017-08-12 10:53:05.592  INFO 1422 --- [main] s.w.s.m.m.a.RequestMappingHandlerMapping : Mapped "{[/api/goodsinfosPage],methods=[POST]}" onto public com.videosplay.main.test.business.ResonseData<java.util.List<com.videosplay.main.business.model.GoodsInfo>> com.videosplay.main.business.control.GoodsController.getGoodsInfosByPage(java.lang.String)
2017-08-12 10:53:05.592  INFO 1422 --- [main] s.w.s.m.m.a.RequestMappingHandlerMapping : Mapped "{[/api/goodsinfos],methods=[POST]}" onto public java.util.List<com.videosplay.main.business.model.GoodsInfo> com.videosplay.main.business.control.GoodsController.getGoodsInfos()
2017-08-12 10:53:05.592  INFO 1422 --- [main] s.w.s.m.m.a.RequestMappingHandlerMapping : Mapped "{[/api/goodsDetailInfo],methods=[POST]}" onto public com.videosplay.main.test.business.ResonseData<com.videosplay.main.business.model.GoodsInfo> com.videosplay.main.business.control.GoodsController.getGoodsDetailInfo(java.lang.String)
2017-08-12 10:53:05.593  INFO 1422 --- [main] s.w.s.m.m.a.RequestMappingHandlerMapping : Mapped "{[/api/goodssort],methods=[POST]}" onto public com.videosplay.main.test.business.ResonseData<java.util.List<com.videosplay.main.business.model.GoodsSortList>> com.videosplay.main.business.control.GoodsSortController.getGoodsSortInfos()
2017-08-12 10:53:05.594  INFO 1422 --- [main] s.w.s.m.m.a.RequestMappingHandlerMapping : Mapped "{[/api/mainlist],methods=[POST]}" onto public com.videosplay.main.test.business.ResonseData<com.videosplay.main.business.model.MainResponse> com.videosplay.main.business.control.MainPageController.showMainPage()
2017-08-12 10:53:05.595  INFO 1422 --- [main] s.w.s.m.m.a.RequestMappingHandlerMapping : Mapped "{[/api/videosinfos],methods=[POST]}" onto public java.util.List<com.videosplay.main.business.model.GoodsInfo> com.videosplay.main.business.control.VideosController.getvideosInfos()
2017-08-12 10:53:05.595  INFO 1422 --- [main] s.w.s.m.m.a.RequestMappingHandlerMapping : Mapped "{[/api/videosinfosPage],methods=[POST]}" onto public com.videosplay.main.test.business.ResonseData<java.util.List<com.videosplay.main.business.model.Video>> com.videosplay.main.business.control.VideosController.getVideosInfosByPage(java.lang.String)
2017-08-12 10:53:05.595  INFO 1422 --- [main] s.w.s.m.m.a.RequestMappingHandlerMapping : Mapped "{[/api/videoDetailInfo],methods=[POST]}" onto public com.videosplay.main.test.business.ResonseData<com.videosplay.main.business.model.Video> com.videosplay.main.business.control.VideosController.getVideoDetailInfo(java.lang.String)
2017-08-12 10:53:05.596  INFO 1422 --- [main] s.w.s.m.m.a.RequestMappingHandlerMapping : Mapped "{[/api/videoplaycount],methods=[POST]}" onto public void com.videosplay.main.business.control.VideosController.updateVideoPlayCount(java.lang.String)
2017-08-12 10:53:05.599  INFO 1422 --- [main] s.w.s.m.m.a.RequestMappingHandlerMapping : Mapped "{[/customer/add],methods=[GET]}" onto public java.lang.String com.videosplay.main.test.business.CustomerController.addNewUser(java.lang.String,java.lang.String,int)
2017-08-12 10:53:05.599  INFO 1422 --- [main] s.w.s.m.m.a.RequestMappingHandlerMapping : Mapped "{[/customer/all],methods=[GET]}" onto public com.videosplay.main.test.business.ResonseData com.videosplay.main.test.business.CustomerController.getAllUsers()
2017-08-12 10:53:05.599  INFO 1422 --- [main] s.w.s.m.m.a.RequestMappingHandlerMapping : Mapped "{[/customer/update],methods=[POST],consumes=[application/json]}" onto public boolean com.videosplay.main.test.business.CustomerController.updateCustomer(int)
2017-08-12 10:53:05.600  INFO 1422 --- [main] s.w.s.m.m.a.RequestMappingHandlerMapping : Mapped "{[/customer/update11],methods=[POST]}" onto public com.videosplay.main.test.business.ResonseData<com.videosplay.main.test.business.UserTest> com.videosplay.main.test.business.CustomerController.updateCustomerByJson(java.lang.String)
2017-08-12 10:53:05.600  INFO 1422 --- [main] s.w.s.m.m.a.RequestMappingHandlerMapping : Mapped "{[/customer/update22],methods=[POST]}" onto public boolean com.videosplay.main.test.business.CustomerController.updateCustomerByJsonFormData(int,java.lang.String,java.lang.String)
2017-08-12 10:53:05.603  INFO 1422 --- [main] s.w.s.m.m.a.RequestMappingHandlerMapping : Mapped "{[/error]}" onto public org.springframework.http.ResponseEntity<java.util.Map<java.lang.String, java.lang.Object>> org.springframework.boot.autoconfigure.web.BasicErrorController.error(javax.servlet.http.HttpServletRequest)
2017-08-12 10:53:05.603  INFO 1422 --- [main] s.w.s.m.m.a.RequestMappingHandlerMapping : Mapped "{[/error],produces=[text/html]}" onto public org.springframework.web.servlet.ModelAndView org.springframework.boot.autoconfigure.web.BasicErrorController.errorHtml(javax.servlet.http.HttpServletRequest,javax.servlet.http.HttpServletResponse)
2017-08-12 10:53:05.624  INFO 1422 --- [main] o.s.w.s.handler.SimpleUrlHandlerMapping  : Mapped URL path [/webjars/**] onto handler of type [class org.springframework.web.servlet.resource.ResourceHttpRequestHandler]
2017-08-12 10:53:05.624  INFO 1422 --- [main] o.s.w.s.handler.SimpleUrlHandlerMapping  : Mapped URL path [/**] onto handler of type [class org.springframework.web.servlet.resource.ResourceHttpRequestHandler]
2017-08-12 10:53:05.656  INFO 1422 --- [main] o.s.w.s.handler.SimpleUrlHandlerMapping  : Mapped URL path [/**/favicon.ico] onto handler of type [class org.springframework.web.servlet.resource.ResourceHttpRequestHandler]
2017-08-12 10:53:05.901  INFO 1422 --- [main] o.s.j.e.a.AnnotationMBeanExporter        : Registering beans for JMX exposure on startup
2017-08-12 10:53:05.903  INFO 1422 --- [main] o.s.j.e.a.AnnotationMBeanExporter        : Bean with name 'statFilter' has been autodetected for JMX exposure
2017-08-12 10:53:05.904  INFO 1422 --- [main] o.s.j.e.a.AnnotationMBeanExporter        : Bean with name 'dataSource' has been autodetected for JMX exposure
2017-08-12 10:53:05.909  INFO 1422 --- [main] o.s.j.e.a.AnnotationMBeanExporter        : Located MBean 'dataSource': registering with JMX server as MBean [com.alibaba.druid.spring.boot.autoconfigure:name=dataSource,type=DruidDataSourceWrapper]
2017-08-12 10:53:05.910  INFO 1422 --- [main] o.s.j.e.a.AnnotationMBeanExporter        : Located MBean 'statFilter': registering with JMX server as MBean [com.alibaba.druid.filter.stat:name=statFilter,type=StatFilter]
2017-08-12 10:53:05.982  INFO 1422 --- [main] s.b.c.e.t.TomcatEmbeddedServletContainer : Tomcat started on port(s): 8080 (http)
2017-08-12 10:53:05.986  INFO 1422 --- [main] com.videosplay.main.Application          : Started Application in 5.135 seconds (JVM running for 5.813)
2017-08-12 11:00:28.805  INFO 1422 --- [Thread-3] ationConfigEmbeddedWebApplicationContext : Closing org.springframework.boot.context.embedded.AnnotationConfigEmbeddedWebApplicationContext@6e0dec4a: startup date [Sat Aug 12 10:53:01 CST 2017]; root of context hierarchy
2017-08-12 11:00:28.807  INFO 1422 --- [Thread-3] o.s.j.e.a.AnnotationMBeanExporter        : Unregistering JMX-exposed beans on shutdown
2017-08-12 11:00:28.808  INFO 1422 --- [Thread-3] o.s.j.e.a.AnnotationMBeanExporter        : Unregistering JMX-exposed beans
2017-08-12 11:00:28.809  INFO 1422 --- [Thread-3] j.LocalContainerEntityManagerFactoryBean : Closing JPA EntityManagerFactory for persistence unit 'default'
2017-08-12 11:00:28.813  INFO 1422 --- [Thread-3] com.alibaba.druid.pool.DruidDataSource   : {dataSource-1} closed
2017-08-12 11:00:30.335  INFO 1446 --- [main] com.videosplay.main.Application          : Starting Application on sunmengdeMacBook-Pro.local with PID 1446 (/Users/sunmeng/Desktop/springmvc/gs-rest-service/complete/build/classes/main started by sunmeng in /Users/sunmeng/Desktop/springmvc/gs-rest-service/complete)
2017-08-12 11:00:30.337  INFO 1446 --- [main] com.videosplay.main.Application          : No active profile set, falling back to default profiles: default
2017-08-12 11:00:30.412  INFO 1446 --- [main] ationConfigEmbeddedWebApplicationContext : Refreshing org.springframework.boot.context.embedded.AnnotationConfigEmbeddedWebApplicationContext@6e0dec4a: startup date [Sat Aug 12 11:00:30 CST 2017]; root of context hierarchy
2017-08-12 11:00:32.026  INFO 1446 --- [main] s.b.c.e.t.TomcatEmbeddedServletContainer : Tomcat initialized with port(s): 8080 (http)
2017-08-12 11:00:32.036  INFO 1446 --- [main] o.apache.catalina.core.StandardService   : Starting service Tomcat
2017-08-12 11:00:32.037  INFO 1446 --- [main] org.apache.catalina.core.StandardEngine  : Starting Servlet Engine: Apache Tomcat/8.5.14
2017-08-12 11:00:32.137  INFO 1446 --- [localhost-startStop-1] o.a.c.c.C.[Tomcat].[localhost].[/]       : Initializing Spring embedded WebApplicationContext
2017-08-12 11:00:32.138  INFO 1446 --- [localhost-startStop-1] o.s.web.context.ContextLoader            : Root WebApplicationContext: initialization completed in 1726 ms
2017-08-12 11:00:32.296  INFO 1446 --- [localhost-startStop-1] o.s.b.w.servlet.ServletRegistrationBean  : Mapping servlet: 'dispatcherServlet' to [/]
2017-08-12 11:00:32.297  INFO 1446 --- [localhost-startStop-1] o.s.b.w.servlet.ServletRegistrationBean  : Mapping servlet: 'statViewServlet' to [/druid/*]
2017-08-12 11:00:32.300  INFO 1446 --- [localhost-startStop-1] o.s.b.w.servlet.FilterRegistrationBean   : Mapping filter: 'characterEncodingFilter' to: [/*]
2017-08-12 11:00:32.301  INFO 1446 --- [localhost-startStop-1] o.s.b.w.servlet.FilterRegistrationBean   : Mapping filter: 'hiddenHttpMethodFilter' to: [/*]
2017-08-12 11:00:32.301  INFO 1446 --- [localhost-startStop-1] o.s.b.w.servlet.FilterRegistrationBean   : Mapping filter: 'httpPutFormContentFilter' to: [/*]
2017-08-12 11:00:32.301  INFO 1446 --- [localhost-startStop-1] o.s.b.w.servlet.FilterRegistrationBean   : Mapping filter: 'requestContextFilter' to: [/*]
2017-08-12 11:00:32.302  INFO 1446 --- [localhost-startStop-1] o.s.b.w.servlet.FilterRegistrationBean   : Mapping filter: 'webStatFilter' to urls: [/*]
2017-08-12 11:00:32.959  INFO 1446 --- [main] com.alibaba.druid.pool.DruidDataSource   : {dataSource-1} inited
2017-08-12 11:00:33.215  INFO 1446 --- [main] j.LocalContainerEntityManagerFactoryBean : Building JPA container EntityManagerFactory for persistence unit 'default'
2017-08-12 11:00:33.235  INFO 1446 --- [main] o.hibernate.jpa.internal.util.LogHelper  : HHH000204: Processing PersistenceUnitInfo [
	name: default
	...]
2017-08-12 11:00:33.484  INFO 1446 --- [main] org.hibernate.Version                    : HHH000412: Hibernate Core {5.0.12.Final}
2017-08-12 11:00:33.486  INFO 1446 --- [main] org.hibernate.cfg.Environment            : HHH000206: hibernate.properties not found
2017-08-12 11:00:33.487  INFO 1446 --- [main] org.hibernate.cfg.Environment            : HHH000021: Bytecode provider name : javassist
2017-08-12 11:00:33.544  INFO 1446 --- [main] o.hibernate.annotations.common.Version   : HCANN000001: Hibernate Commons Annotations {5.0.1.Final}
2017-08-12 11:00:33.670  INFO 1446 --- [main] org.hibernate.dialect.Dialect            : HHH000400: Using dialect: org.hibernate.dialect.MySQL5Dialect
2017-08-12 11:00:34.044  INFO 1446 --- [main] j.LocalContainerEntityManagerFactoryBean : Initialized JPA EntityManagerFactory for persistence unit 'default'
2017-08-12 11:00:34.618  INFO 1446 --- [main] s.w.s.m.m.a.RequestMappingHandlerAdapter : Looking for @ControllerAdvice: org.springframework.boot.context.embedded.AnnotationConfigEmbeddedWebApplicationContext@6e0dec4a: startup date [Sat Aug 12 11:00:30 CST 2017]; root of context hierarchy
2017-08-12 11:00:34.677  INFO 1446 --- [main] s.w.s.m.m.a.RequestMappingHandlerMapping : Mapped "{[/getallinfos]}" onto public com.videosplay.main.InfosData com.videosplay.main.GreetingController.getInfos()
2017-08-12 11:00:34.679  INFO 1446 --- [main] s.w.s.m.m.a.RequestMappingHandlerMapping : Mapped "{[/greeting]}" onto public com.videosplay.main.Greeting com.videosplay.main.GreetingController.greeting(java.lang.String)
2017-08-12 11:00:34.682  INFO 1446 --- [main] s.w.s.m.m.a.RequestMappingHandlerMapping : Mapped "{[/api/goodsinfos],methods=[POST]}" onto public java.util.List<com.videosplay.main.business.model.GoodsInfo> com.videosplay.main.business.control.GoodsController.getGoodsInfos()
2017-08-12 11:00:34.682  INFO 1446 --- [main] s.w.s.m.m.a.RequestMappingHandlerMapping : Mapped "{[/api/goodsinfosPage],methods=[POST]}" onto public com.videosplay.main.test.business.ResonseData<java.util.List<com.videosplay.main.business.model.GoodsInfo>> com.videosplay.main.business.control.GoodsController.getGoodsInfosByPage(java.lang.String)
2017-08-12 11:00:34.682  INFO 1446 --- [main] s.w.s.m.m.a.RequestMappingHandlerMapping : Mapped "{[/api/goodsDetailInfo],methods=[POST]}" onto public com.videosplay.main.test.business.ResonseData<com.videosplay.main.business.model.GoodsInfo> com.videosplay.main.business.control.GoodsController.getGoodsDetailInfo(java.lang.String)
2017-08-12 11:00:34.683  INFO 1446 --- [main] s.w.s.m.m.a.RequestMappingHandlerMapping : Mapped "{[/api/goodssort],methods=[POST]}" onto public com.videosplay.main.test.business.ResonseData<java.util.List<com.videosplay.main.business.model.GoodsSortList>> com.videosplay.main.business.control.GoodsSortController.getGoodsSortInfos()
2017-08-12 11:00:34.684  INFO 1446 --- [main] s.w.s.m.m.a.RequestMappingHandlerMapping : Mapped "{[/api/mainlist],methods=[POST]}" onto public com.videosplay.main.test.business.ResonseData<com.videosplay.main.business.model.MainResponse> com.videosplay.main.business.control.MainPageController.showMainPage()
2017-08-12 11:00:34.686  INFO 1446 --- [main] s.w.s.m.m.a.RequestMappingHandlerMapping : Mapped "{[/api/videosinfos],methods=[POST]}" onto public java.util.List<com.videosplay.main.business.model.GoodsInfo> com.videosplay.main.business.control.VideosController.getvideosInfos()
2017-08-12 11:00:34.686  INFO 1446 --- [main] s.w.s.m.m.a.RequestMappingHandlerMapping : Mapped "{[/api/videosinfosPage],methods=[POST]}" onto public com.videosplay.main.test.business.ResonseData<java.util.List<com.videosplay.main.business.model.Video>> com.videosplay.main.business.control.VideosController.getVideosInfosByPage(java.lang.String)
2017-08-12 11:00:34.687  INFO 1446 --- [main] s.w.s.m.m.a.RequestMappingHandlerMapping : Mapped "{[/api/videoDetailInfo],methods=[POST]}" onto public com.videosplay.main.test.business.ResonseData<com.videosplay.main.business.model.Video> com.videosplay.main.business.control.VideosController.getVideoDetailInfo(java.lang.String)
2017-08-12 11:00:34.687  INFO 1446 --- [main] s.w.s.m.m.a.RequestMappingHandlerMapping : Mapped "{[/api/videoplaycount],methods=[POST]}" onto public void com.videosplay.main.business.control.VideosController.updateVideoPlayCount(java.lang.String)
2017-08-12 11:00:34.691  INFO 1446 --- [main] s.w.s.m.m.a.RequestMappingHandlerMapping : Mapped "{[/customer/add],methods=[GET]}" onto public java.lang.String com.videosplay.main.test.business.CustomerController.addNewUser(java.lang.String,java.lang.String,int)
2017-08-12 11:00:34.691  INFO 1446 --- [main] s.w.s.m.m.a.RequestMappingHandlerMapping : Mapped "{[/customer/all],methods=[GET]}" onto public com.videosplay.main.test.business.ResonseData com.videosplay.main.test.business.CustomerController.getAllUsers()
2017-08-12 11:00:34.691  INFO 1446 --- [main] s.w.s.m.m.a.RequestMappingHandlerMapping : Mapped "{[/customer/update],methods=[POST],consumes=[application/json]}" onto public boolean com.videosplay.main.test.business.CustomerController.updateCustomer(int)
2017-08-12 11:00:34.692  INFO 1446 --- [main] s.w.s.m.m.a.RequestMappingHandlerMapping : Mapped "{[/customer/update11],methods=[POST]}" onto public com.videosplay.main.test.business.ResonseData<com.videosplay.main.test.business.UserTest> com.videosplay.main.test.business.CustomerController.updateCustomerByJson(java.lang.String)
2017-08-12 11:00:34.692  INFO 1446 --- [main] s.w.s.m.m.a.RequestMappingHandlerMapping : Mapped "{[/customer/update22],methods=[POST]}" onto public boolean com.videosplay.main.test.business.CustomerController.updateCustomerByJsonFormData(int,java.lang.String,java.lang.String)
2017-08-12 11:00:34.695  INFO 1446 --- [main] s.w.s.m.m.a.RequestMappingHandlerMapping : Mapped "{[/error]}" onto public org.springframework.http.ResponseEntity<java.util.Map<java.lang.String, java.lang.Object>> org.springframework.boot.autoconfigure.web.BasicErrorController.error(javax.servlet.http.HttpServletRequest)
2017-08-12 11:00:34.696  INFO 1446 --- [main] s.w.s.m.m.a.RequestMappingHandlerMapping : Mapped "{[/error],produces=[text/html]}" onto public org.springframework.web.servlet.ModelAndView org.springframework.boot.autoconfigure.web.BasicErrorController.errorHtml(javax.servlet.http.HttpServletRequest,javax.servlet.http.HttpServletResponse)
2017-08-12 11:00:34.719  INFO 1446 --- [main] o.s.w.s.handler.SimpleUrlHandlerMapping  : Mapped URL path [/webjars/**] onto handler of type [class org.springframework.web.servlet.resource.ResourceHttpRequestHandler]
2017-08-12 11:00:34.720  INFO 1446 --- [main] o.s.w.s.handler.SimpleUrlHandlerMapping  : Mapped URL path [/**] onto handler of type [class org.springframework.web.servlet.resource.ResourceHttpRequestHandler]
2017-08-12 11:00:34.752  INFO 1446 --- [main] o.s.w.s.handler.SimpleUrlHandlerMapping  : Mapped URL path [/**/favicon.ico] onto handler of type [class org.springframework.web.servlet.resource.ResourceHttpRequestHandler]
2017-08-12 11:00:34.937  INFO 1446 --- [main] o.s.j.e.a.AnnotationMBeanExporter        : Registering beans for JMX exposure on startup
2017-08-12 11:00:34.939  INFO 1446 --- [main] o.s.j.e.a.AnnotationMBeanExporter        : Bean with name 'statFilter' has been autodetected for JMX exposure
2017-08-12 11:00:34.939  INFO 1446 --- [main] o.s.j.e.a.AnnotationMBeanExporter        : Bean with name 'dataSource' has been autodetected for JMX exposure
2017-08-12 11:00:34.942  INFO 1446 --- [main] o.s.j.e.a.AnnotationMBeanExporter        : Located MBean 'dataSource': registering with JMX server as MBean [com.alibaba.druid.spring.boot.autoconfigure:name=dataSource,type=DruidDataSourceWrapper]
2017-08-12 11:00:34.943  INFO 1446 --- [main] o.s.j.e.a.AnnotationMBeanExporter        : Located MBean 'statFilter': registering with JMX server as MBean [com.alibaba.druid.filter.stat:name=statFilter,type=StatFilter]
2017-08-12 11:00:34.989  INFO 1446 --- [main] s.b.c.e.t.TomcatEmbeddedServletContainer : Tomcat started on port(s): 8080 (http)
2017-08-12 11:00:34.993  INFO 1446 --- [main] com.videosplay.main.Application          : Started Application in 5.018 seconds (JVM running for 5.543)
2017-08-12 11:04:29.806  INFO 1446 --- [Thread-3] ationConfigEmbeddedWebApplicationContext : Closing org.springframework.boot.context.embedded.AnnotationConfigEmbeddedWebApplicationContext@6e0dec4a: startup date [Sat Aug 12 11:00:30 CST 2017]; root of context hierarchy
2017-08-12 11:04:29.808  INFO 1446 --- [Thread-3] o.s.j.e.a.AnnotationMBeanExporter        : Unregistering JMX-exposed beans on shutdown
2017-08-12 11:04:29.808  INFO 1446 --- [Thread-3] o.s.j.e.a.AnnotationMBeanExporter        : Unregistering JMX-exposed beans
2017-08-12 11:04:29.809  INFO 1446 --- [Thread-3] j.LocalContainerEntityManagerFactoryBean : Closing JPA EntityManagerFactory for persistence unit 'default'
2017-08-12 11:04:29.813  INFO 1446 --- [Thread-3] com.alibaba.druid.pool.DruidDataSource   : {dataSource-1} closed
2017-08-12 11:04:31.527  INFO 1476 --- [main] com.videosplay.main.Application          : Starting Application on sunmengdeMacBook-Pro.local with PID 1476 (/Users/sunmeng/Desktop/springmvc/gs-rest-service/complete/build/classes/main started by sunmeng in /Users/sunmeng/Desktop/springmvc/gs-rest-service/complete)
2017-08-12 11:04:31.530  INFO 1476 --- [main] com.videosplay.main.Application          : No active profile set, falling back to default profiles: default
2017-08-12 11:04:31.659  INFO 1476 --- [main] ationConfigEmbeddedWebApplicationContext : Refreshing org.springframework.boot.context.embedded.AnnotationConfigEmbeddedWebApplicationContext@6e0dec4a: startup date [Sat Aug 12 11:04:31 CST 2017]; root of context hierarchy
2017-08-12 11:04:33.222  INFO 1476 --- [main] s.b.c.e.t.TomcatEmbeddedServletContainer : Tomcat initialized with port(s): 8080 (http)
2017-08-12 11:04:33.236  INFO 1476 --- [main] o.apache.catalina.core.StandardService   : Starting service Tomcat
2017-08-12 11:04:33.237  INFO 1476 --- [main] org.apache.catalina.core.StandardEngine  : Starting Servlet Engine: Apache Tomcat/8.5.14
2017-08-12 11:04:33.320  INFO 1476 --- [localhost-startStop-1] o.a.c.c.C.[Tomcat].[localhost].[/]       : Initializing Spring embedded WebApplicationContext
2017-08-12 11:04:33.321  INFO 1476 --- [localhost-startStop-1] o.s.web.context.ContextLoader            : Root WebApplicationContext: initialization completed in 1663 ms
2017-08-12 11:04:33.467  INFO 1476 --- [localhost-startStop-1] o.s.b.w.servlet.ServletRegistrationBean  : Mapping servlet: 'dispatcherServlet' to [/]
2017-08-12 11:04:33.468  INFO 1476 --- [localhost-startStop-1] o.s.b.w.servlet.ServletRegistrationBean  : Mapping servlet: 'statViewServlet' to [/druid/*]
2017-08-12 11:04:33.470  INFO 1476 --- [localhost-startStop-1] o.s.b.w.servlet.FilterRegistrationBean   : Mapping filter: 'characterEncodingFilter' to: [/*]
2017-08-12 11:04:33.471  INFO 1476 --- [localhost-startStop-1] o.s.b.w.servlet.FilterRegistrationBean   : Mapping filter: 'hiddenHttpMethodFilter' to: [/*]
2017-08-12 11:04:33.471  INFO 1476 --- [localhost-startStop-1] o.s.b.w.servlet.FilterRegistrationBean   : Mapping filter: 'httpPutFormContentFilter' to: [/*]
2017-08-12 11:04:33.471  INFO 1476 --- [localhost-startStop-1] o.s.b.w.servlet.FilterRegistrationBean   : Mapping filter: 'requestContextFilter' to: [/*]
2017-08-12 11:04:33.472  INFO 1476 --- [localhost-startStop-1] o.s.b.w.servlet.FilterRegistrationBean   : Mapping filter: 'webStatFilter' to urls: [/*]
2017-08-12 11:04:34.110  INFO 1476 --- [main] com.alibaba.druid.pool.DruidDataSource   : {dataSource-1} inited
2017-08-12 11:04:34.384  INFO 1476 --- [main] j.LocalContainerEntityManagerFactoryBean : Building JPA container EntityManagerFactory for persistence unit 'default'
2017-08-12 11:04:34.397  INFO 1476 --- [main] o.hibernate.jpa.internal.util.LogHelper  : HHH000204: Processing PersistenceUnitInfo [
	name: default
	...]
2017-08-12 11:04:34.576  INFO 1476 --- [main] org.hibernate.Version                    : HHH000412: Hibernate Core {5.0.12.Final}
2017-08-12 11:04:34.578  INFO 1476 --- [main] org.hibernate.cfg.Environment            : HHH000206: hibernate.properties not found
2017-08-12 11:04:34.579  INFO 1476 --- [main] org.hibernate.cfg.Environment            : HHH000021: Bytecode provider name : javassist
2017-08-12 11:04:34.618  INFO 1476 --- [main] o.hibernate.annotations.common.Version   : HCANN000001: Hibernate Commons Annotations {5.0.1.Final}
2017-08-12 11:04:34.748  INFO 1476 --- [main] org.hibernate.dialect.Dialect            : HHH000400: Using dialect: org.hibernate.dialect.MySQL5Dialect
2017-08-12 11:04:35.108  INFO 1476 --- [main] j.LocalContainerEntityManagerFactoryBean : Initialized JPA EntityManagerFactory for persistence unit 'default'
2017-08-12 11:04:35.542  INFO 1476 --- [main] s.w.s.m.m.a.RequestMappingHandlerAdapter : Looking for @ControllerAdvice: org.springframework.boot.context.embedded.AnnotationConfigEmbeddedWebApplicationContext@6e0dec4a: startup date [Sat Aug 12 11:04:31 CST 2017]; root of context hierarchy
2017-08-12 11:04:35.601  INFO 1476 --- [main] s.w.s.m.m.a.RequestMappingHandlerMapping : Mapped "{[/greeting]}" onto public com.videosplay.main.Greeting com.videosplay.main.GreetingController.greeting(java.lang.String)
2017-08-12 11:04:35.603  INFO 1476 --- [main] s.w.s.m.m.a.RequestMappingHandlerMapping : Mapped "{[/getallinfos]}" onto public com.videosplay.main.InfosData com.videosplay.main.GreetingController.getInfos()
2017-08-12 11:04:35.606  INFO 1476 --- [main] s.w.s.m.m.a.RequestMappingHandlerMapping : Mapped "{[/api/goodsinfos],methods=[POST]}" onto public java.util.List<com.videosplay.main.business.model.GoodsInfo> com.videosplay.main.business.control.GoodsController.getGoodsInfos()
2017-08-12 11:04:35.607  INFO 1476 --- [main] s.w.s.m.m.a.RequestMappingHandlerMapping : Mapped "{[/api/goodsinfosPage],methods=[POST]}" onto public com.videosplay.main.test.business.ResonseData<java.util.List<com.videosplay.main.business.model.GoodsInfo>> com.videosplay.main.business.control.GoodsController.getGoodsInfosByPage(java.lang.String)
2017-08-12 11:04:35.607  INFO 1476 --- [main] s.w.s.m.m.a.RequestMappingHandlerMapping : Mapped "{[/api/goodsDetailInfo],methods=[POST]}" onto public com.videosplay.main.test.business.ResonseData<com.videosplay.main.business.model.GoodsInfo> com.videosplay.main.business.control.GoodsController.getGoodsDetailInfo(java.lang.String)
2017-08-12 11:04:35.608  INFO 1476 --- [main] s.w.s.m.m.a.RequestMappingHandlerMapping : Mapped "{[/api/goodssort],methods=[POST]}" onto public com.videosplay.main.test.business.ResonseData<java.util.List<com.videosplay.main.business.model.GoodsSortList>> com.videosplay.main.business.control.GoodsSortController.getGoodsSortInfos()
2017-08-12 11:04:35.609  INFO 1476 --- [main] s.w.s.m.m.a.RequestMappingHandlerMapping : Mapped "{[/api/mainlist],methods=[POST]}" onto public com.videosplay.main.test.business.ResonseData<com.videosplay.main.business.model.MainResponse> com.videosplay.main.business.control.MainPageController.showMainPage()
2017-08-12 11:04:35.610  INFO 1476 --- [main] s.w.s.m.m.a.RequestMappingHandlerMapping : Mapped "{[/api/videosinfos],methods=[POST]}" onto public java.util.List<com.videosplay.main.business.model.GoodsInfo> com.videosplay.main.business.control.VideosController.getvideosInfos()
2017-08-12 11:04:35.611  INFO 1476 --- [main] s.w.s.m.m.a.RequestMappingHandlerMapping : Mapped "{[/api/videosinfosPage],methods=[POST]}" onto public com.videosplay.main.test.business.ResonseData<java.util.List<com.videosplay.main.business.model.Video>> com.videosplay.main.business.control.VideosController.getVideosInfosByPage(java.lang.String)
2017-08-12 11:04:35.611  INFO 1476 --- [main] s.w.s.m.m.a.RequestMappingHandlerMapping : Mapped "{[/api/videoDetailInfo],methods=[POST]}" onto public com.videosplay.main.test.business.ResonseData<com.videosplay.main.business.model.Video> com.videosplay.main.business.control.VideosController.getVideoDetailInfo(java.lang.String)
2017-08-12 11:04:35.612  INFO 1476 --- [main] s.w.s.m.m.a.RequestMappingHandlerMapping : Mapped "{[/api/videoplaycount],methods=[POST]}" onto public void com.videosplay.main.business.control.VideosController.updateVideoPlayCount(java.lang.String)
2017-08-12 11:04:35.616  INFO 1476 --- [main] s.w.s.m.m.a.RequestMappingHandlerMapping : Mapped "{[/customer/add],methods=[GET]}" onto public java.lang.String com.videosplay.main.test.business.CustomerController.addNewUser(java.lang.String,java.lang.String,int)
2017-08-12 11:04:35.616  INFO 1476 --- [main] s.w.s.m.m.a.RequestMappingHandlerMapping : Mapped "{[/customer/all],methods=[GET]}" onto public com.videosplay.main.test.business.ResonseData com.videosplay.main.test.business.CustomerController.getAllUsers()
2017-08-12 11:04:35.617  INFO 1476 --- [main] s.w.s.m.m.a.RequestMappingHandlerMapping : Mapped "{[/customer/update],methods=[POST],consumes=[application/json]}" onto public boolean com.videosplay.main.test.business.CustomerController.updateCustomer(int)
2017-08-12 11:04:35.617  INFO 1476 --- [main] s.w.s.m.m.a.RequestMappingHandlerMapping : Mapped "{[/customer/update11],methods=[POST]}" onto public com.videosplay.main.test.business.ResonseData<com.videosplay.main.test.business.UserTest> com.videosplay.main.test.business.CustomerController.updateCustomerByJson(java.lang.String)
2017-08-12 11:04:35.617  INFO 1476 --- [main] s.w.s.m.m.a.RequestMappingHandlerMapping : Mapped "{[/customer/update22],methods=[POST]}" onto public boolean com.videosplay.main.test.business.CustomerController.updateCustomerByJsonFormData(int,java.lang.String,java.lang.String)
2017-08-12 11:04:35.620  INFO 1476 --- [main] s.w.s.m.m.a.RequestMappingHandlerMapping : Mapped "{[/error]}" onto public org.springframework.http.ResponseEntity<java.util.Map<java.lang.String, java.lang.Object>> org.springframework.boot.autoconfigure.web.BasicErrorController.error(javax.servlet.http.HttpServletRequest)
2017-08-12 11:04:35.620  INFO 1476 --- [main] s.w.s.m.m.a.RequestMappingHandlerMapping : Mapped "{[/error],produces=[text/html]}" onto public org.springframework.web.servlet.ModelAndView org.springframework.boot.autoconfigure.web.BasicErrorController.errorHtml(javax.servlet.http.HttpServletRequest,javax.servlet.http.HttpServletResponse)
2017-08-12 11:04:35.646  INFO 1476 --- [main] o.s.w.s.handler.SimpleUrlHandlerMapping  : Mapped URL path [/webjars/**] onto handler of type [class org.springframework.web.servlet.resource.ResourceHttpRequestHandler]
2017-08-12 11:04:35.646  INFO 1476 --- [main] o.s.w.s.handler.SimpleUrlHandlerMapping  : Mapped URL path [/**] onto handler of type [class org.springframework.web.servlet.resource.ResourceHttpRequestHandler]
2017-08-12 11:04:35.688  INFO 1476 --- [main] o.s.w.s.handler.SimpleUrlHandlerMapping  : Mapped URL path [/**/favicon.ico] onto handler of type [class org.springframework.web.servlet.resource.ResourceHttpRequestHandler]
2017-08-12 11:04:35.916  INFO 1476 --- [main] o.s.j.e.a.AnnotationMBeanExporter        : Registering beans for JMX exposure on startup
2017-08-12 11:04:35.918  INFO 1476 --- [main] o.s.j.e.a.AnnotationMBeanExporter        : Bean with name 'statFilter' has been autodetected for JMX exposure
2017-08-12 11:04:35.919  INFO 1476 --- [main] o.s.j.e.a.AnnotationMBeanExporter        : Bean with name 'dataSource' has been autodetected for JMX exposure
2017-08-12 11:04:35.923  INFO 1476 --- [main] o.s.j.e.a.AnnotationMBeanExporter        : Located MBean 'dataSource': registering with JMX server as MBean [com.alibaba.druid.spring.boot.autoconfigure:name=dataSource,type=DruidDataSourceWrapper]
2017-08-12 11:04:35.923  INFO 1476 --- [main] o.s.j.e.a.AnnotationMBeanExporter        : Located MBean 'statFilter': registering with JMX server as MBean [com.alibaba.druid.filter.stat:name=statFilter,type=StatFilter]
2017-08-12 11:04:35.980  INFO 1476 --- [main] s.b.c.e.t.TomcatEmbeddedServletContainer : Tomcat started on port(s): 8080 (http)
2017-08-12 11:04:35.983  INFO 1476 --- [main] com.videosplay.main.Application          : Started Application in 4.837 seconds (JVM running for 5.403)
2017-08-12 11:09:08.412  INFO 1476 --- [Thread-3] ationConfigEmbeddedWebApplicationContext : Closing org.springframework.boot.context.embedded.AnnotationConfigEmbeddedWebApplicationContext@6e0dec4a: startup date [Sat Aug 12 11:04:31 CST 2017]; root of context hierarchy
2017-08-12 11:09:08.414  INFO 1476 --- [Thread-3] o.s.j.e.a.AnnotationMBeanExporter        : Unregistering JMX-exposed beans on shutdown
2017-08-12 11:09:08.414  INFO 1476 --- [Thread-3] o.s.j.e.a.AnnotationMBeanExporter        : Unregistering JMX-exposed beans
2017-08-12 11:09:08.416  INFO 1476 --- [Thread-3] j.LocalContainerEntityManagerFactoryBean : Closing JPA EntityManagerFactory for persistence unit 'default'
2017-08-12 11:09:08.421  INFO 1476 --- [Thread-3] com.alibaba.druid.pool.DruidDataSource   : {dataSource-1} closed
2017-08-12 11:09:10.198  INFO 1485 --- [main] com.videosplay.main.Application          : Starting Application on sunmengdeMacBook-Pro.local with PID 1485 (/Users/sunmeng/Desktop/springmvc/gs-rest-service/complete/build/classes/main started by sunmeng in /Users/sunmeng/Desktop/springmvc/gs-rest-service/complete)
2017-08-12 11:09:10.203  INFO 1485 --- [main] com.videosplay.main.Application          : No active profile set, falling back to default profiles: default
2017-08-12 11:09:10.261  INFO 1485 --- [main] ationConfigEmbeddedWebApplicationContext : Refreshing org.springframework.boot.context.embedded.AnnotationConfigEmbeddedWebApplicationContext@6e0dec4a: startup date [Sat Aug 12 11:09:10 CST 2017]; root of context hierarchy
2017-08-12 11:09:11.881  INFO 1485 --- [main] s.b.c.e.t.TomcatEmbeddedServletContainer : Tomcat initialized with port(s): 8080 (http)
2017-08-12 11:09:11.893  INFO 1485 --- [main] o.apache.catalina.core.StandardService   : Starting service Tomcat
2017-08-12 11:09:11.894  INFO 1485 --- [main] org.apache.catalina.core.StandardEngine  : Starting Servlet Engine: Apache Tomcat/8.5.14
2017-08-12 11:09:11.982  INFO 1485 --- [localhost-startStop-1] o.a.c.c.C.[Tomcat].[localhost].[/]       : Initializing Spring embedded WebApplicationContext
2017-08-12 11:09:11.983  INFO 1485 --- [localhost-startStop-1] o.s.web.context.ContextLoader            : Root WebApplicationContext: initialization completed in 1722 ms
2017-08-12 11:09:12.142  INFO 1485 --- [localhost-startStop-1] o.s.b.w.servlet.ServletRegistrationBean  : Mapping servlet: 'dispatcherServlet' to [/]
2017-08-12 11:09:12.144  INFO 1485 --- [localhost-startStop-1] o.s.b.w.servlet.ServletRegistrationBean  : Mapping servlet: 'statViewServlet' to [/druid/*]
2017-08-12 11:09:12.147  INFO 1485 --- [localhost-startStop-1] o.s.b.w.servlet.FilterRegistrationBean   : Mapping filter: 'characterEncodingFilter' to: [/*]
2017-08-12 11:09:12.148  INFO 1485 --- [localhost-startStop-1] o.s.b.w.servlet.FilterRegistrationBean   : Mapping filter: 'hiddenHttpMethodFilter' to: [/*]
2017-08-12 11:09:12.148  INFO 1485 --- [localhost-startStop-1] o.s.b.w.servlet.FilterRegistrationBean   : Mapping filter: 'httpPutFormContentFilter' to: [/*]
2017-08-12 11:09:12.148  INFO 1485 --- [localhost-startStop-1] o.s.b.w.servlet.FilterRegistrationBean   : Mapping filter: 'requestContextFilter' to: [/*]
2017-08-12 11:09:12.148  INFO 1485 --- [localhost-startStop-1] o.s.b.w.servlet.FilterRegistrationBean   : Mapping filter: 'webStatFilter' to urls: [/*]
2017-08-12 11:09:12.766  INFO 1485 --- [main] com.alibaba.druid.pool.DruidDataSource   : {dataSource-1} inited
2017-08-12 11:09:13.048  INFO 1485 --- [main] j.LocalContainerEntityManagerFactoryBean : Building JPA container EntityManagerFactory for persistence unit 'default'
2017-08-12 11:09:13.062  INFO 1485 --- [main] o.hibernate.jpa.internal.util.LogHelper  : HHH000204: Processing PersistenceUnitInfo [
	name: default
	...]
2017-08-12 11:09:13.244  INFO 1485 --- [main] org.hibernate.Version                    : HHH000412: Hibernate Core {5.0.12.Final}
2017-08-12 11:09:13.246  INFO 1485 --- [main] org.hibernate.cfg.Environment            : HHH000206: hibernate.properties not found
2017-08-12 11:09:13.248  INFO 1485 --- [main] org.hibernate.cfg.Environment            : HHH000021: Bytecode provider name : javassist
2017-08-12 11:09:13.290  INFO 1485 --- [main] o.hibernate.annotations.common.Version   : HCANN000001: Hibernate Commons Annotations {5.0.1.Final}
2017-08-12 11:09:13.407  INFO 1485 --- [main] org.hibernate.dialect.Dialect            : HHH000400: Using dialect: org.hibernate.dialect.MySQL5Dialect
2017-08-12 11:09:13.755  INFO 1485 --- [main] j.LocalContainerEntityManagerFactoryBean : Initialized JPA EntityManagerFactory for persistence unit 'default'
2017-08-12 11:09:14.170  INFO 1485 --- [main] s.w.s.m.m.a.RequestMappingHandlerAdapter : Looking for @ControllerAdvice: org.springframework.boot.context.embedded.AnnotationConfigEmbeddedWebApplicationContext@6e0dec4a: startup date [Sat Aug 12 11:09:10 CST 2017]; root of context hierarchy
2017-08-12 11:09:14.225  INFO 1485 --- [main] s.w.s.m.m.a.RequestMappingHandlerMapping : Mapped "{[/greeting]}" onto public com.videosplay.main.Greeting com.videosplay.main.GreetingController.greeting(java.lang.String)
2017-08-12 11:09:14.226  INFO 1485 --- [main] s.w.s.m.m.a.RequestMappingHandlerMapping : Mapped "{[/getallinfos]}" onto public com.videosplay.main.InfosData com.videosplay.main.GreetingController.getInfos()
2017-08-12 11:09:14.229  INFO 1485 --- [main] s.w.s.m.m.a.RequestMappingHandlerMapping : Mapped "{[/api/goodsinfos],methods=[POST]}" onto public java.util.List<com.videosplay.main.business.model.GoodsInfo> com.videosplay.main.business.control.GoodsController.getGoodsInfos()
2017-08-12 11:09:14.230  INFO 1485 --- [main] s.w.s.m.m.a.RequestMappingHandlerMapping : Mapped "{[/api/goodsinfosPage],methods=[POST]}" onto public com.videosplay.main.test.business.ResonseData<java.util.List<com.videosplay.main.business.model.GoodsInfo>> com.videosplay.main.business.control.GoodsController.getGoodsInfosByPage(java.lang.String)
2017-08-12 11:09:14.230  INFO 1485 --- [main] s.w.s.m.m.a.RequestMappingHandlerMapping : Mapped "{[/api/goodsDetailInfo],methods=[POST]}" onto public com.videosplay.main.test.business.ResonseData<com.videosplay.main.business.model.GoodsInfo> com.videosplay.main.business.control.GoodsController.getGoodsDetailInfo(java.lang.String)
2017-08-12 11:09:14.230  INFO 1485 --- [main] s.w.s.m.m.a.RequestMappingHandlerMapping : Mapped "{[/api/goodssort],methods=[POST]}" onto public com.videosplay.main.test.business.ResonseData<java.util.List<com.videosplay.main.business.model.GoodsSortList>> com.videosplay.main.business.control.GoodsSortController.getGoodsSortInfos()
2017-08-12 11:09:14.231  INFO 1485 --- [main] s.w.s.m.m.a.RequestMappingHandlerMapping : Mapped "{[/api/mainlist],methods=[POST]}" onto public com.videosplay.main.test.business.ResonseData<com.videosplay.main.business.model.MainResponse> com.videosplay.main.business.control.MainPageController.showMainPage()
2017-08-12 11:09:14.232  INFO 1485 --- [main] s.w.s.m.m.a.RequestMappingHandlerMapping : Mapped "{[/api/videosinfos],methods=[POST]}" onto public java.util.List<com.videosplay.main.business.model.GoodsInfo> com.videosplay.main.business.control.VideosController.getvideosInfos()
2017-08-12 11:09:14.233  INFO 1485 --- [main] s.w.s.m.m.a.RequestMappingHandlerMapping : Mapped "{[/api/videosinfosPage],methods=[POST]}" onto public com.videosplay.main.test.business.ResonseData<java.util.List<com.videosplay.main.business.model.Video>> com.videosplay.main.business.control.VideosController.getVideosInfosByPage(java.lang.String)
2017-08-12 11:09:14.233  INFO 1485 --- [main] s.w.s.m.m.a.RequestMappingHandlerMapping : Mapped "{[/api/videoDetailInfo],methods=[POST]}" onto public com.videosplay.main.test.business.ResonseData<com.videosplay.main.business.model.Video> com.videosplay.main.business.control.VideosController.getVideoDetailInfo(java.lang.String)
2017-08-12 11:09:14.233  INFO 1485 --- [main] s.w.s.m.m.a.RequestMappingHandlerMapping : Mapped "{[/api/videoplaycount],methods=[POST]}" onto public void com.videosplay.main.business.control.VideosController.updateVideoPlayCount(java.lang.String)
2017-08-12 11:09:14.236  INFO 1485 --- [main] s.w.s.m.m.a.RequestMappingHandlerMapping : Mapped "{[/customer/add],methods=[GET]}" onto public java.lang.String com.videosplay.main.test.business.CustomerController.addNewUser(java.lang.String,java.lang.String,int)
2017-08-12 11:09:14.237  INFO 1485 --- [main] s.w.s.m.m.a.RequestMappingHandlerMapping : Mapped "{[/customer/all],methods=[GET]}" onto public com.videosplay.main.test.business.ResonseData com.videosplay.main.test.business.CustomerController.getAllUsers()
2017-08-12 11:09:14.237  INFO 1485 --- [main] s.w.s.m.m.a.RequestMappingHandlerMapping : Mapped "{[/customer/update],methods=[POST],consumes=[application/json]}" onto public boolean com.videosplay.main.test.business.CustomerController.updateCustomer(int)
2017-08-12 11:09:14.237  INFO 1485 --- [main] s.w.s.m.m.a.RequestMappingHandlerMapping : Mapped "{[/customer/update11],methods=[POST]}" onto public com.videosplay.main.test.business.ResonseData<com.videosplay.main.test.business.UserTest> com.videosplay.main.test.business.CustomerController.updateCustomerByJson(java.lang.String)
2017-08-12 11:09:14.238  INFO 1485 --- [main] s.w.s.m.m.a.RequestMappingHandlerMapping : Mapped "{[/customer/update22],methods=[POST]}" onto public boolean com.videosplay.main.test.business.CustomerController.updateCustomerByJsonFormData(int,java.lang.String,java.lang.String)
2017-08-12 11:09:14.240  INFO 1485 --- [main] s.w.s.m.m.a.RequestMappingHandlerMapping : Mapped "{[/error]}" onto public org.springframework.http.ResponseEntity<java.util.Map<java.lang.String, java.lang.Object>> org.springframework.boot.autoconfigure.web.BasicErrorController.error(javax.servlet.http.HttpServletRequest)
2017-08-12 11:09:14.241  INFO 1485 --- [main] s.w.s.m.m.a.RequestMappingHandlerMapping : Mapped "{[/error],produces=[text/html]}" onto public org.springframework.web.servlet.ModelAndView org.springframework.boot.autoconfigure.web.BasicErrorController.errorHtml(javax.servlet.http.HttpServletRequest,javax.servlet.http.HttpServletResponse)
2017-08-12 11:09:14.263  INFO 1485 --- [main] o.s.w.s.handler.SimpleUrlHandlerMapping  : Mapped URL path [/webjars/**] onto handler of type [class org.springframework.web.servlet.resource.ResourceHttpRequestHandler]
2017-08-12 11:09:14.264  INFO 1485 --- [main] o.s.w.s.handler.SimpleUrlHandlerMapping  : Mapped URL path [/**] onto handler of type [class org.springframework.web.servlet.resource.ResourceHttpRequestHandler]
2017-08-12 11:09:14.296  INFO 1485 --- [main] o.s.w.s.handler.SimpleUrlHandlerMapping  : Mapped URL path [/**/favicon.ico] onto handler of type [class org.springframework.web.servlet.resource.ResourceHttpRequestHandler]
2017-08-12 11:09:14.511  INFO 1485 --- [main] o.s.j.e.a.AnnotationMBeanExporter        : Registering beans for JMX exposure on startup
2017-08-12 11:09:14.513  INFO 1485 --- [main] o.s.j.e.a.AnnotationMBeanExporter        : Bean with name 'statFilter' has been autodetected for JMX exposure
2017-08-12 11:09:14.513  INFO 1485 --- [main] o.s.j.e.a.AnnotationMBeanExporter        : Bean with name 'dataSource' has been autodetected for JMX exposure
2017-08-12 11:09:14.518  INFO 1485 --- [main] o.s.j.e.a.AnnotationMBeanExporter        : Located MBean 'dataSource': registering with JMX server as MBean [com.alibaba.druid.spring.boot.autoconfigure:name=dataSource,type=DruidDataSourceWrapper]
2017-08-12 11:09:14.519  INFO 1485 --- [main] o.s.j.e.a.AnnotationMBeanExporter        : Located MBean 'statFilter': registering with JMX server as MBean [com.alibaba.druid.filter.stat:name=statFilter,type=StatFilter]
2017-08-12 11:09:14.571  INFO 1485 --- [main] s.b.c.e.t.TomcatEmbeddedServletContainer : Tomcat started on port(s): 8080 (http)
2017-08-12 11:09:14.575  INFO 1485 --- [main] com.videosplay.main.Application          : Started Application in 4.754 seconds (JVM running for 5.411)
2017-08-12 11:10:05.036  INFO 1485 --- [Thread-3] ationConfigEmbeddedWebApplicationContext : Closing org.springframework.boot.context.embedded.AnnotationConfigEmbeddedWebApplicationContext@6e0dec4a: startup date [Sat Aug 12 11:09:10 CST 2017]; root of context hierarchy
2017-08-12 11:10:05.039  INFO 1485 --- [Thread-3] o.s.j.e.a.AnnotationMBeanExporter        : Unregistering JMX-exposed beans on shutdown
2017-08-12 11:10:05.039  INFO 1485 --- [Thread-3] o.s.j.e.a.AnnotationMBeanExporter        : Unregistering JMX-exposed beans
2017-08-12 11:10:05.041  INFO 1485 --- [Thread-3] j.LocalContainerEntityManagerFactoryBean : Closing JPA EntityManagerFactory for persistence unit 'default'
2017-08-12 11:10:05.045  INFO 1485 --- [Thread-3] com.alibaba.druid.pool.DruidDataSource   : {dataSource-1} closed
2017-08-12 11:10:06.781  INFO 1490 --- [main] com.videosplay.main.Application          : Starting Application on sunmengdeMacBook-Pro.local with PID 1490 (/Users/sunmeng/Desktop/springmvc/gs-rest-service/complete/build/classes/main started by sunmeng in /Users/sunmeng/Desktop/springmvc/gs-rest-service/complete)
2017-08-12 11:10:06.784  INFO 1490 --- [main] com.videosplay.main.Application          : No active profile set, falling back to default profiles: default
2017-08-12 11:10:06.858  INFO 1490 --- [main] ationConfigEmbeddedWebApplicationContext : Refreshing org.springframework.boot.context.embedded.AnnotationConfigEmbeddedWebApplicationContext@6e0dec4a: startup date [Sat Aug 12 11:10:06 CST 2017]; root of context hierarchy
2017-08-12 11:10:08.398  INFO 1490 --- [main] s.b.c.e.t.TomcatEmbeddedServletContainer : Tomcat initialized with port(s): 8080 (http)
2017-08-12 11:10:08.412  INFO 1490 --- [main] o.apache.catalina.core.StandardService   : Starting service Tomcat
2017-08-12 11:10:08.414  INFO 1490 --- [main] org.apache.catalina.core.StandardEngine  : Starting Servlet Engine: Apache Tomcat/8.5.14
2017-08-12 11:10:08.518  INFO 1490 --- [localhost-startStop-1] o.a.c.c.C.[Tomcat].[localhost].[/]       : Initializing Spring embedded WebApplicationContext
2017-08-12 11:10:08.519  INFO 1490 --- [localhost-startStop-1] o.s.web.context.ContextLoader            : Root WebApplicationContext: initialization completed in 1661 ms
2017-08-12 11:10:08.654  INFO 1490 --- [localhost-startStop-1] o.s.b.w.servlet.ServletRegistrationBean  : Mapping servlet: 'dispatcherServlet' to [/]
2017-08-12 11:10:08.656  INFO 1490 --- [localhost-startStop-1] o.s.b.w.servlet.ServletRegistrationBean  : Mapping servlet: 'statViewServlet' to [/druid/*]
2017-08-12 11:10:08.658  INFO 1490 --- [localhost-startStop-1] o.s.b.w.servlet.FilterRegistrationBean   : Mapping filter: 'characterEncodingFilter' to: [/*]
2017-08-12 11:10:08.658  INFO 1490 --- [localhost-startStop-1] o.s.b.w.servlet.FilterRegistrationBean   : Mapping filter: 'hiddenHttpMethodFilter' to: [/*]
2017-08-12 11:10:08.659  INFO 1490 --- [localhost-startStop-1] o.s.b.w.servlet.FilterRegistrationBean   : Mapping filter: 'httpPutFormContentFilter' to: [/*]
2017-08-12 11:10:08.659  INFO 1490 --- [localhost-startStop-1] o.s.b.w.servlet.FilterRegistrationBean   : Mapping filter: 'requestContextFilter' to: [/*]
2017-08-12 11:10:08.659  INFO 1490 --- [localhost-startStop-1] o.s.b.w.servlet.FilterRegistrationBean   : Mapping filter: 'webStatFilter' to urls: [/*]
2017-08-12 11:10:09.198  INFO 1490 --- [main] com.alibaba.druid.pool.DruidDataSource   : {dataSource-1} inited
2017-08-12 11:10:09.452  INFO 1490 --- [main] j.LocalContainerEntityManagerFactoryBean : Building JPA container EntityManagerFactory for persistence unit 'default'
2017-08-12 11:10:09.466  INFO 1490 --- [main] o.hibernate.jpa.internal.util.LogHelper  : HHH000204: Processing PersistenceUnitInfo [
	name: default
	...]
2017-08-12 11:10:09.639  INFO 1490 --- [main] org.hibernate.Version                    : HHH000412: Hibernate Core {5.0.12.Final}
2017-08-12 11:10:09.641  INFO 1490 --- [main] org.hibernate.cfg.Environment            : HHH000206: hibernate.properties not found
2017-08-12 11:10:09.643  INFO 1490 --- [main] org.hibernate.cfg.Environment            : HHH000021: Bytecode provider name : javassist
2017-08-12 11:10:09.679  INFO 1490 --- [main] o.hibernate.annotations.common.Version   : HCANN000001: Hibernate Commons Annotations {5.0.1.Final}
2017-08-12 11:10:09.801  INFO 1490 --- [main] org.hibernate.dialect.Dialect            : HHH000400: Using dialect: org.hibernate.dialect.MySQL5Dialect
2017-08-12 11:10:10.196  INFO 1490 --- [main] j.LocalContainerEntityManagerFactoryBean : Initialized JPA EntityManagerFactory for persistence unit 'default'
2017-08-12 11:10:10.822  INFO 1490 --- [main] s.w.s.m.m.a.RequestMappingHandlerAdapter : Looking for @ControllerAdvice: org.springframework.boot.context.embedded.AnnotationConfigEmbeddedWebApplicationContext@6e0dec4a: startup date [Sat Aug 12 11:10:06 CST 2017]; root of context hierarchy
2017-08-12 11:10:10.909  INFO 1490 --- [main] s.w.s.m.m.a.RequestMappingHandlerMapping : Mapped "{[/greeting]}" onto public com.videosplay.main.Greeting com.videosplay.main.GreetingController.greeting(java.lang.String)
2017-08-12 11:10:10.912  INFO 1490 --- [main] s.w.s.m.m.a.RequestMappingHandlerMapping : Mapped "{[/getallinfos]}" onto public com.videosplay.main.InfosData com.videosplay.main.GreetingController.getInfos()
2017-08-12 11:10:10.916  INFO 1490 --- [main] s.w.s.m.m.a.RequestMappingHandlerMapping : Mapped "{[/api/goodsinfosPage],methods=[POST]}" onto public com.videosplay.main.test.business.ResonseData<java.util.List<com.videosplay.main.business.model.GoodsInfo>> com.videosplay.main.business.control.GoodsController.getGoodsInfosByPage(java.lang.String)
2017-08-12 11:10:10.916  INFO 1490 --- [main] s.w.s.m.m.a.RequestMappingHandlerMapping : Mapped "{[/api/goodsinfos],methods=[POST]}" onto public java.util.List<com.videosplay.main.business.model.GoodsInfo> com.videosplay.main.business.control.GoodsController.getGoodsInfos()
2017-08-12 11:10:10.916  INFO 1490 --- [main] s.w.s.m.m.a.RequestMappingHandlerMapping : Mapped "{[/api/goodsDetailInfo],methods=[POST]}" onto public com.videosplay.main.test.business.ResonseData<com.videosplay.main.business.model.GoodsInfo> com.videosplay.main.business.control.GoodsController.getGoodsDetailInfo(java.lang.String)
2017-08-12 11:10:10.917  INFO 1490 --- [main] s.w.s.m.m.a.RequestMappingHandlerMapping : Mapped "{[/api/goodssort],methods=[POST]}" onto public com.videosplay.main.test.business.ResonseData<java.util.List<com.videosplay.main.business.model.GoodsSortList>> com.videosplay.main.business.control.GoodsSortController.getGoodsSortInfos()
2017-08-12 11:10:10.918  INFO 1490 --- [main] s.w.s.m.m.a.RequestMappingHandlerMapping : Mapped "{[/api/mainlist],methods=[POST]}" onto public com.videosplay.main.test.business.ResonseData<com.videosplay.main.business.model.MainResponse> com.videosplay.main.business.control.MainPageController.showMainPage()
2017-08-12 11:10:10.920  INFO 1490 --- [main] s.w.s.m.m.a.RequestMappingHandlerMapping : Mapped "{[/api/videosinfos],methods=[POST]}" onto public java.util.List<com.videosplay.main.business.model.GoodsInfo> com.videosplay.main.business.control.VideosController.getvideosInfos()
2017-08-12 11:10:10.920  INFO 1490 --- [main] s.w.s.m.m.a.RequestMappingHandlerMapping : Mapped "{[/api/videosinfosPage],methods=[POST]}" onto public com.videosplay.main.test.business.ResonseData<java.util.List<com.videosplay.main.business.model.Video>> com.videosplay.main.business.control.VideosController.getVideosInfosByPage(java.lang.String)
2017-08-12 11:10:10.921  INFO 1490 --- [main] s.w.s.m.m.a.RequestMappingHandlerMapping : Mapped "{[/api/videoDetailInfo],methods=[POST]}" onto public com.videosplay.main.test.business.ResonseData<com.videosplay.main.business.model.Video> com.videosplay.main.business.control.VideosController.getVideoDetailInfo(java.lang.String)
2017-08-12 11:10:10.921  INFO 1490 --- [main] s.w.s.m.m.a.RequestMappingHandlerMapping : Mapped "{[/api/videoplaycount],methods=[POST]}" onto public void com.videosplay.main.business.control.VideosController.updateVideoPlayCount(java.lang.String)
2017-08-12 11:10:10.928  INFO 1490 --- [main] s.w.s.m.m.a.RequestMappingHandlerMapping : Mapped "{[/customer/add],methods=[GET]}" onto public java.lang.String com.videosplay.main.test.business.CustomerController.addNewUser(java.lang.String,java.lang.String,int)
2017-08-12 11:10:10.930  INFO 1490 --- [main] s.w.s.m.m.a.RequestMappingHandlerMapping : Mapped "{[/customer/all],methods=[GET]}" onto public com.videosplay.main.test.business.ResonseData com.videosplay.main.test.business.CustomerController.getAllUsers()
2017-08-12 11:10:10.931  INFO 1490 --- [main] s.w.s.m.m.a.RequestMappingHandlerMapping : Mapped "{[/customer/update],methods=[POST],consumes=[application/json]}" onto public boolean com.videosplay.main.test.business.CustomerController.updateCustomer(int)
2017-08-12 11:10:10.931  INFO 1490 --- [main] s.w.s.m.m.a.RequestMappingHandlerMapping : Mapped "{[/customer/update11],methods=[POST]}" onto public com.videosplay.main.test.business.ResonseData<com.videosplay.main.test.business.UserTest> com.videosplay.main.test.business.CustomerController.updateCustomerByJson(java.lang.String)
2017-08-12 11:10:10.932  INFO 1490 --- [main] s.w.s.m.m.a.RequestMappingHandlerMapping : Mapped "{[/customer/update22],methods=[POST]}" onto public boolean com.videosplay.main.test.business.CustomerController.updateCustomerByJsonFormData(int,java.lang.String,java.lang.String)
2017-08-12 11:10:10.935  INFO 1490 --- [main] s.w.s.m.m.a.RequestMappingHandlerMapping : Mapped "{[/error]}" onto public org.springframework.http.ResponseEntity<java.util.Map<java.lang.String, java.lang.Object>> org.springframework.boot.autoconfigure.web.BasicErrorController.error(javax.servlet.http.HttpServletRequest)
2017-08-12 11:10:10.935  INFO 1490 --- [main] s.w.s.m.m.a.RequestMappingHandlerMapping : Mapped "{[/error],produces=[text/html]}" onto public org.springframework.web.servlet.ModelAndView org.springframework.boot.autoconfigure.web.BasicErrorController.errorHtml(javax.servlet.http.HttpServletRequest,javax.servlet.http.HttpServletResponse)
2017-08-12 11:10:10.971  INFO 1490 --- [main] o.s.w.s.handler.SimpleUrlHandlerMapping  : Mapped URL path [/webjars/**] onto handler of type [class org.springframework.web.servlet.resource.ResourceHttpRequestHandler]
2017-08-12 11:10:10.971  INFO 1490 --- [main] o.s.w.s.handler.SimpleUrlHandlerMapping  : Mapped URL path [/**] onto handler of type [class org.springframework.web.servlet.resource.ResourceHttpRequestHandler]
2017-08-12 11:10:11.007  INFO 1490 --- [main] o.s.w.s.handler.SimpleUrlHandlerMapping  : Mapped URL path [/**/favicon.ico] onto handler of type [class org.springframework.web.servlet.resource.ResourceHttpRequestHandler]
2017-08-12 11:10:11.186  INFO 1490 --- [main] o.s.j.e.a.AnnotationMBeanExporter        : Registering beans for JMX exposure on startup
2017-08-12 11:10:11.187  INFO 1490 --- [main] o.s.j.e.a.AnnotationMBeanExporter        : Bean with name 'statFilter' has been autodetected for JMX exposure
2017-08-12 11:10:11.188  INFO 1490 --- [main] o.s.j.e.a.AnnotationMBeanExporter        : Bean with name 'dataSource' has been autodetected for JMX exposure
2017-08-12 11:10:11.191  INFO 1490 --- [main] o.s.j.e.a.AnnotationMBeanExporter        : Located MBean 'dataSource': registering with JMX server as MBean [com.alibaba.druid.spring.boot.autoconfigure:name=dataSource,type=DruidDataSourceWrapper]
2017-08-12 11:10:11.192  INFO 1490 --- [main] o.s.j.e.a.AnnotationMBeanExporter        : Located MBean 'statFilter': registering with JMX server as MBean [com.alibaba.druid.filter.stat:name=statFilter,type=StatFilter]
2017-08-12 11:10:11.240  INFO 1490 --- [main] s.b.c.e.t.TomcatEmbeddedServletContainer : Tomcat started on port(s): 8080 (http)
2017-08-12 11:10:11.244  INFO 1490 --- [main] com.videosplay.main.Application          : Started Application in 4.769 seconds (JVM running for 5.425)
